::1 - - [18/Feb/2025:11:10:20 +0000] "GET /api/settings HTTP/1.1" 401 47
::1 - - [18/Feb/2025:11:11:22 +0000] "POST /api/user/login HTTP/1.1" 200 16
::1 - - [18/Feb/2025:11:11:25 +0000] "GET /api/settings HTTP/1.1" 200 131
::1 - - [18/Feb/2025:11:13:38 +0000] "GET /api/settings HTTP/1.1" 200 129
::1 - - [18/Feb/2025:11:17:31 +0000] "PUT /api/settings HTTP/1.1" 400 135
::1 - - [18/Feb/2025:11:17:40 +0000] "PUT /api/settings HTTP/1.1" 200 16
::1 - - [18/Feb/2025:11:17:45 +0000] "GET /api/settings HTTP/1.1" 200 128
::1 - - [18/Feb/2025:11:17:51 +0000] "PUT /api/settings HTTP/1.1" 200 16
::1 - - [18/Feb/2025:11:17:53 +0000] "GET /api/settings HTTP/1.1" 200 129
::1 - - [18/Feb/2025:12:23:09 +0000] "GET /api/user/ HTTP/1.1" 403 39
::1 - - [18/Feb/2025:12:25:12 +0000] "GET /api/user/ HTTP/1.1" 404 148
::1 - - [18/Feb/2025:12:25:21 +0000] "GET /api/user/ HTTP/1.1" 404 148
::1 - - [18/Feb/2025:12:27:56 +0000] "GET /api/user/ HTTP/1.1" 404 148
::1 - - [18/Feb/2025:12:46:03 +0000] "GET /api/user/ HTTP/1.1" 404 148
::1 - - [18/Feb/2025:12:46:42 +0000] "GET /api/user/ HTTP/1.1" 200 527
::1 - - [18/Feb/2025:13:16:56 +0000] "POST /api/user/login HTTP/1.1" 500 50
::1 - - [18/Feb/2025:13:16:58 +0000] "POST /api/user/login HTTP/1.1" 500 50
::1 - - [18/Feb/2025:13:17:43 +0000] "POST /api/user/login HTTP/1.1" 403 51
::1 - - [18/Feb/2025:13:18:59 +0000] "POST /api/user/login HTTP/1.1" 403 51
::1 - - [18/Feb/2025:13:19:15 +0000] "POST /api/user/login HTTP/1.1" 403 51
::1 - - [18/Feb/2025:13:19:38 +0000] "POST /api/user/login HTTP/1.1" 500 50
::1 - - [18/Feb/2025:13:20:09 +0000] "POST /api/user/login HTTP/1.1" 403 51
::1 - - [18/Feb/2025:13:21:08 +0000] "POST /api/user/login HTTP/1.1" 403 51
::1 - - [18/Feb/2025:13:22:53 +0000] "POST /api/user/login HTTP/1.1" 403 51
::1 - - [18/Feb/2025:13:23:08 +0000] "POST /api/user/login HTTP/1.1" 403 51
::1 - - [18/Feb/2025:13:23:37 +0000] "POST /api/user/login HTTP/1.1" 403 51
::1 - - [19/Feb/2025:12:27:27 +0000] "GET /api/user/list HTTP/1.1" 200 126
::1 - - [19/Feb/2025:12:29:29 +0000] "GET /api/user/list HTTP/1.1" 200 60
::ffff:127.0.0.1 - - [19/Feb/2025:14:17:59 +0000] "POST /api/user/login HTTP/1.1" 403 51
